2024-03-27 10:47:54.122 [error] [uncaught exception in sharedProcess]: Event not found: onDidChange: CodeExpectedError: Event not found: onDidChange
    at Object.listen (/usr/share/code/resources/app/out/vs/code/node/sharedProcess/sharedProcessMain.js:45:4960)
    at E.t (/usr/share/code/resources/app/out/vs/code/node/sharedProcess/sharedProcessMain.js:44:251)
    at E.q (/usr/share/code/resources/app/out/vs/code/node/sharedProcess/sharedProcessMain.js:43:4371)
    at y.value (/usr/share/code/resources/app/out/vs/code/node/sharedProcess/sharedProcessMain.js:43:3602)
    at d.y (/usr/share/code/resources/app/out/vs/code/node/sharedProcess/sharedProcessMain.js:38:1902)
    at d.z (/usr/share/code/resources/app/out/vs/code/node/sharedProcess/sharedProcessMain.js:38:1972)
    at d.fire (/usr/share/code/resources/app/out/vs/code/node/sharedProcess/sharedProcessMain.js:38:2188)
    at MessagePortMain.fe (/usr/share/code/resources/app/out/vs/code/node/sharedProcess/sharedProcessMain.js:36:30382)
    at MessagePortMain.emit (node:events:514:28)
    at Object.emit (node:electron/js2c/utility_init:2:2285)
2024-03-27 10:48:06.062 [info] Uninstalling extension from the profile: ms-ceintl.vscode-language-pack-ko@1.87.2024031309 vscode-userdata:/root/.vscode/extensions/extensions.json
2024-03-27 10:48:06.107 [info] Removing language packs from the extension ms-ceintl.vscode-language-pack-ko
2024-03-27 10:48:06.261 [error] [uncaught exception in sharedProcess]: Error: ENOENT: no such file or directory, stat '/root/.vscode/extensions/extensions.json.vsctmp': EntryNotFound (FileSystemError): Error: ENOENT: no such file or directory, stat '/root/.vscode/extensions/extensions.json.vsctmp'
    at r.create (/usr/share/code/resources/app/out/vs/code/node/sharedProcess/sharedProcessMain.js:51:30083)
    at a (/usr/share/code/resources/app/out/vs/code/node/sharedProcess/sharedProcessMain.js:51:30198)
    at i.fb (/usr/share/code/resources/app/out/vs/code/node/sharedProcess/sharedProcessMain.js:56:36634)
    at i.stat (/usr/share/code/resources/app/out/vs/code/node/sharedProcess/sharedProcessMain.js:56:29080)
    at async v.stat (/usr/share/code/resources/app/out/vs/code/node/sharedProcess/sharedProcessMain.js:56:16226)
    at async X.sb (/usr/share/code/resources/app/out/vs/code/node/sharedProcess/sharedProcessMain.js:102:107729)
2024-03-27 10:48:06.268 [info] Marked extension as uninstalled ms-ceintl.vscode-language-pack-ko-1.87.2024031309
2024-03-27 10:48:06.544 [info] Successfully uninstalled extension from the profile ms-ceintl.vscode-language-pack-ko@1.87.2024031309 vscode-userdata:/root/.vscode/extensions/extensions.json
2024-03-27 10:48:07.865 [info] Getting Manifest... ms-ceintl.vscode-language-pack-ko
2024-03-27 10:48:08.050 [info] Installing extension: ms-ceintl.vscode-language-pack-ko
2024-03-27 10:48:12.385 [info] Extension signature is verified: ms-ceintl.vscode-language-pack-ko
2024-03-27 10:48:12.396 [info] Removed the extension from uninstalled list: ms-ceintl.vscode-language-pack-ko
2024-03-27 10:48:12.445 [info] Adding language packs from the extension ms-ceintl.vscode-language-pack-ko
2024-03-27 10:48:12.551 [error] [uncaught exception in sharedProcess]: Error: ENOENT: no such file or directory, stat '/root/.vscode/extensions/extensions.json.vsctmp': EntryNotFound (FileSystemError): Error: ENOENT: no such file or directory, stat '/root/.vscode/extensions/extensions.json.vsctmp'
    at r.create (/usr/share/code/resources/app/out/vs/code/node/sharedProcess/sharedProcessMain.js:51:30083)
    at a (/usr/share/code/resources/app/out/vs/code/node/sharedProcess/sharedProcessMain.js:51:30198)
    at i.fb (/usr/share/code/resources/app/out/vs/code/node/sharedProcess/sharedProcessMain.js:56:36634)
    at i.stat (/usr/share/code/resources/app/out/vs/code/node/sharedProcess/sharedProcessMain.js:56:29080)
    at async v.stat (/usr/share/code/resources/app/out/vs/code/node/sharedProcess/sharedProcessMain.js:56:16226)
    at async X.sb (/usr/share/code/resources/app/out/vs/code/node/sharedProcess/sharedProcessMain.js:102:107729)
2024-03-27 10:48:12.651 [info] Extension installed successfully: ms-ceintl.vscode-language-pack-ko
