2024-03-27 10:48:19.046 [info] Extension host with pid 4650 started
2024-03-27 10:48:19.365 [info] ExtensionService#_doActivateExtension vscode.git-base, startup: true, activationEvent: '*', root cause: vscode.git
2024-03-27 10:48:20.870 [info] ExtensionService#_doActivateExtension vscode.git, startup: true, activationEvent: '*'
2024-03-27 10:48:20.871 [info] ExtensionService#_doActivateExtension vscode.github, startup: true, activationEvent: '*'
2024-03-27 10:48:21.220 [info] Eager extensions activated
2024-03-27 10:48:21.245 [info] ExtensionService#_doActivateExtension vscode.debug-auto-launch, startup: false, activationEvent: 'onStartupFinished'
2024-03-27 10:48:21.246 [info] ExtensionService#_doActivateExtension vscode.merge-conflict, startup: false, activationEvent: 'onStartupFinished'
2024-03-27 10:48:26.622 [info] Extension host terminating: renderer closed the MessagePort
2024-03-27 10:48:26.647 [info] Extension host with pid 4650 exiting with code 0
2024-03-27 10:48:28.625 [info] Extension host with pid 4729 started
2024-03-27 10:48:28.625 [info] Skipping acquiring lock for /root/docker/07_compose/02_nginx/~/vscode/User/workspaceStorage/a80dafa7672ec89e64fc4aba9b0d4877.
2024-03-27 10:48:28.723 [info] ExtensionService#_doActivateExtension vscode.git-base, startup: true, activationEvent: '*'
2024-03-27 10:48:28.809 [info] ExtensionService#_doActivateExtension vscode.github, startup: true, activationEvent: '*'
2024-03-27 10:48:28.949 [info] Eager extensions activated
2024-03-27 10:48:28.990 [info] ExtensionService#_doActivateExtension vscode.debug-auto-launch, startup: false, activationEvent: 'onStartupFinished'
2024-03-27 10:48:28.991 [info] ExtensionService#_doActivateExtension vscode.merge-conflict, startup: false, activationEvent: 'onStartupFinished'
2024-03-27 10:48:32.486 [info] ExtensionService#_doActivateExtension vscode.git, startup: false, activationEvent: 'api', root cause: vscode.github
2024-03-27 10:48:38.281 [info] ExtensionService#_doActivateExtension ms-azuretools.vscode-docker, startup: false, activationEvent: 'onLanguage:dockercompose'
2024-03-27 10:48:38.480 [warning] Using default string since no string found in i18n bundle that has the key: Learn more
2024-03-27 10:48:38.509 [warning] Using default string since no string found in i18n bundle that has the key: Yes
2024-03-27 10:48:38.510 [warning] Using default string since no string found in i18n bundle that has the key: No
2024-03-27 10:48:38.510 [warning] Using default string since no string found in i18n bundle that has the key: Cancel
2024-03-27 10:48:38.510 [warning] Using default string since no string found in i18n bundle that has the key: Delete
2024-03-27 10:48:38.510 [warning] Using default string since no string found in i18n bundle that has the key: Don't warn again
2024-03-27 10:48:38.511 [warning] Using default string since no string found in i18n bundle that has the key: Skip for now
2024-03-27 10:48:38.511 [warning] Using default string since no string found in i18n bundle that has the key: Upload
2024-03-27 10:48:38.511 [warning] Using default string since no string found in i18n bundle that has the key: Always upload
2024-03-27 10:48:38.511 [warning] Using default string since no string found in i18n bundle that has the key: Don't upload
2024-03-27 10:48:38.511 [warning] Using default string since no string found in i18n bundle that has the key: Report an issue
2024-03-27 10:48:38.515 [warning] Using default string since no string found in i18n bundle that has the key: "registerUIExtensionVariables" must be called before using the vscode-azureextensionui package.
2024-03-27 10:48:38.516 [warning] Using default string since no string found in i18n bundle that has the key: This operation is not supported.
2024-03-27 10:48:38.529 [warning] Using default string since no string found in i18n bundle that has the key: Load More...
2024-03-27 10:48:38.552 [warning] Using default string since no string found in i18n bundle that has the key: Use a Dockerfile
2024-03-27 10:48:38.552 [warning] Using default string since no string found in i18n bundle that has the key: Use .NET SDK
2024-03-27 10:48:38.552 [warning] Using default string since no string found in i18n bundle that has the key: No grouping
2024-03-27 10:48:38.553 [warning] Using default string since no string found in i18n bundle that has the key: Sort by newest
2024-03-27 10:48:38.553 [warning] Using default string since no string found in i18n bundle that has the key: Sort alphabetically by label
2024-03-27 10:48:38.554 [warning] Using default string since no string found in i18n bundle that has the key: Value used to associate containers launched by a 'docker-compose up' command
2024-03-27 10:48:38.554 [warning] Using default string since no string found in i18n bundle that has the key: Individual Containers
2024-03-27 10:48:38.554 [warning] Using default string since no string found in i18n bundle that has the key: Others
2024-03-27 10:48:38.555 [warning] Using default string since no string found in i18n bundle that has the key: Choose a project file
2024-03-27 10:48:38.555 [warning] Using default string since no string found in i18n bundle that has the key: No C# or F# project files were found in the workspace.
2024-03-27 10:48:38.555 [warning] Using default string since no string found in i18n bundle that has the key: Choose a package.json file
2024-03-27 10:48:38.555 [warning] Using default string since no string found in i18n bundle that has the key: No package.json files were found in the workspace.
2024-03-27 10:48:38.556 [warning] Using default string since no string found in i18n bundle that has the key: Overwrite File
2024-03-27 10:48:38.556 [warning] Using default string since no string found in i18n bundle that has the key: Skip File
2024-03-27 10:48:38.557 [warning] Using default string since no string found in i18n bundle that has the key: Cancel
2024-03-27 10:48:38.563 [warning] Using default string since no string found in i18n bundle that has the key: Redis is an open source key-value store that functions as a data structure server.
2024-03-27 10:48:38.563 [warning] Using default string since no string found in i18n bundle that has the key: Ubuntu is a Debian-based Linux operating system based on free software.
2024-03-27 10:48:38.564 [warning] Using default string since no string found in i18n bundle that has the key: The WordPress rich content management system can utilize plugins, widgets, and themes.
2024-03-27 10:48:38.564 [warning] Using default string since no string found in i18n bundle that has the key: MySQL is a widely used, open-source relational database management system (RDBMS).
2024-03-27 10:48:38.564 [warning] Using default string since no string found in i18n bundle that has the key: MongoDB document databases provide high availability and easy scalability.
2024-03-27 10:48:38.564 [warning] Using default string since no string found in i18n bundle that has the key: The official build of CentOS.
2024-03-27 10:48:38.564 [warning] Using default string since no string found in i18n bundle that has the key: Node.js is a JavaScript-based platform for server-side and networking applications.
2024-03-27 10:48:38.565 [warning] Using default string since no string found in i18n bundle that has the key: Official build of Nginx.
2024-03-27 10:48:38.565 [warning] Using default string since no string found in i18n bundle that has the key: The PostgreSQL object-relational database system provides reliability and data integrity.
2024-03-27 10:48:38.565 [warning] Using default string since no string found in i18n bundle that has the key: ASP.NET is an open source server-side Web application framework
2024-03-27 10:48:38.568 [info] ExtensionService#_doActivateExtension vscode.emmet, startup: false, activationEvent: 'onLanguage'
2024-03-27 10:48:38.643 [warning] Using default string since no string found in i18n bundle that has the key: Containers
2024-03-27 10:48:38.643 [warning] Using default string since no string found in i18n bundle that has the key: Configure containers explorer
2024-03-27 10:48:38.645 [warning] Using default string since no string found in i18n bundle that has the key: Networks
2024-03-27 10:48:38.645 [warning] Using default string since no string found in i18n bundle that has the key: Configure networks explorer
2024-03-27 10:48:38.649 [warning] Using default string since no string found in i18n bundle that has the key: Images
2024-03-27 10:48:38.649 [warning] Using default string since no string found in i18n bundle that has the key: Configure images explorer
2024-03-27 10:48:38.649 [warning] Using default string since no string found in i18n bundle that has the key: Sort by image size
2024-03-27 10:48:38.650 [warning] Using default string since no string found in i18n bundle that has the key: GitHub
2024-03-27 10:48:38.650 [warning] Using default string since no string found in i18n bundle that has the key: GitHub Container Registry
2024-03-27 10:48:38.650 [warning] Using default string since no string found in i18n bundle that has the key: Docker Hub
2024-03-27 10:48:38.650 [warning] Using default string since no string found in i18n bundle that has the key: Azure
2024-03-27 10:48:38.650 [warning] Using default string since no string found in i18n bundle that has the key: Azure Container Registry
2024-03-27 10:48:38.651 [warning] Using default string since no string found in i18n bundle that has the key: Generic Registry V2
2024-03-27 10:48:38.651 [warning] Using default string since no string found in i18n bundle that has the key: Volumes
2024-03-27 10:48:38.651 [warning] Using default string since no string found in i18n bundle that has the key: Configure volumes explorer
2024-03-27 10:48:38.652 [warning] Using default string since no string found in i18n bundle that has the key: Contexts
2024-03-27 10:48:38.654 [warning] Using default string since no string found in i18n bundle that has the key: Configure Docker Contexts Explorer
2024-03-27 10:49:17.505 [info] ExtensionService#_doActivateExtension vscode.json-language-features, startup: false, activationEvent: 'onLanguage:jsonc'
2024-03-27 10:49:17.507 [info] ExtensionService#_doActivateExtension vscode.typescript-language-features, startup: false, activationEvent: 'onLanguage:jsonc'
2024-03-27 14:33:32.690 [warning] [Decorations] CAPPING events from decorations provider vscode.git 919
2024-03-27 14:33:32.774 [warning] [Decorations] CAPPING events from decorations provider vscode.git 919
2024-03-27 14:33:35.587 [warning] [Decorations] CAPPING events from decorations provider vscode.git 919
2024-03-27 14:33:40.667 [warning] [Decorations] CAPPING events from decorations provider vscode.git 919
