2024-03-27 10:13:49.129 [info] Added views:workbench.panel.markers.view in workbench.panel.markers
2024-03-27 10:13:49.129 [info] Added views:workbench.panel.output in workbench.panel.output
2024-03-27 10:13:49.129 [info] Added views:terminal in terminal
2024-03-27 10:13:49.129 [info] Added views:outline in workbench.view.explorer
2024-03-27 10:13:49.129 [info] Added views:workbench.scm in workbench.view.scm
2024-03-27 10:13:49.129 [info] Added views:workbench.view.search in workbench.view.search
2024-03-27 10:13:49.129 [info] Added views:timeline in workbench.view.explorer
2024-03-27 10:13:49.129 [info] Added views:workbench.explorer.emptyView in workbench.view.explorer
2024-03-27 10:13:50.674 [info] Added views:dockerContainers,dockerImages,dockerRegistries,dockerNetworks,dockerVolumes,vscode-docker.views.dockerContexts,vscode-docker.views.help in workbench.view.extension.dockerView
2024-03-27 10:13:50.824 [info] Added views:workbench.debug.variablesView,workbench.debug.watchExpressionsView,workbench.debug.callStackView,workbench.debug.breakPointsView in workbench.view.debug
2024-03-27 10:13:50.914 [info] Added views:workbench.panel.repl.view in workbench.panel.repl
2024-03-27 10:13:50.918 [info] Removed views:workbench.debug.breakPointsView,workbench.debug.callStackView,workbench.debug.watchExpressionsView,workbench.debug.variablesView from workbench.view.debug
2024-03-27 10:13:50.919 [info] Added views:workbench.debug.welcome in workbench.view.debug
2024-03-27 10:13:51.246 [info] Added views:~remote.forwardedPorts in ~remote.forwardedPortsContainer
2024-03-27 10:14:06.422 [info] Added views:workbench.panel.markers.view in workbench.panel.markers
2024-03-27 10:14:06.422 [info] Added views:workbench.panel.output in workbench.panel.output
2024-03-27 10:14:06.422 [info] Added views:terminal in terminal
2024-03-27 10:14:06.422 [info] Added views:outline in workbench.view.explorer
2024-03-27 10:14:06.422 [info] Added views:workbench.scm in workbench.view.scm
2024-03-27 10:14:06.422 [info] Added views:workbench.view.search in workbench.view.search
2024-03-27 10:14:06.422 [info] Added views:timeline in workbench.view.explorer
2024-03-27 10:14:06.422 [info] Added views:workbench.explorer.fileView in workbench.view.explorer
2024-03-27 10:14:07.071 [info] Added views:dockerContainers,dockerImages,dockerRegistries,dockerNetworks,dockerVolumes,vscode-docker.views.dockerContexts,vscode-docker.views.help in workbench.view.extension.dockerView
2024-03-27 10:14:07.515 [info] Added views:workbench.debug.variablesView,workbench.debug.watchExpressionsView,workbench.debug.callStackView,workbench.debug.breakPointsView in workbench.view.debug
2024-03-27 10:14:07.592 [info] Added views:workbench.panel.repl.view in workbench.panel.repl
2024-03-27 10:14:07.598 [info] Removed views:workbench.debug.breakPointsView,workbench.debug.callStackView,workbench.debug.watchExpressionsView,workbench.debug.variablesView from workbench.view.debug
2024-03-27 10:14:07.599 [info] Added views:workbench.debug.welcome in workbench.view.debug
2024-03-27 10:14:07.985 [info] Added views:~remote.forwardedPorts in ~remote.forwardedPortsContainer
